INFO: [VRFC 10-2263] Analyzing Verilog file "C:/Users/niros/Desktop/nemal/Washing_Pro/Washing_Pro.srcs/sources_1/new/AutoClean.v" into library xil_defaultlib
INFO: [VRFC 10-311] analyzing module AutoClean
INFO: [VRFC 10-2263] Analyzing Verilog file "C:/Users/niros/Desktop/nemal/Washing_Pro/Washing_Pro.srcs/sources_1/new/AutomaticWashingMachine.v" into library xil_defaultlib
INFO: [VRFC 10-311] analyzing module AutomaticWashingMachine
INFO: [VRFC 10-2263] Analyzing Verilog file "C:/Users/niros/Desktop/nemal/Washing_Pro/Washing_Pro.srcs/sources_1/new/ChildLock.v" into library xil_defaultlib
INFO: [VRFC 10-311] analyzing module ChildLock
INFO: [VRFC 10-2263] Analyzing Verilog file "C:/Users/niros/Desktop/nemal/Washing_Pro/Washing_Pro.srcs/sources_1/new/ControlUnit.v" into library xil_defaultlib
INFO: [VRFC 10-311] analyzing module ControlUnit
INFO: [VRFC 10-2263] Analyzing Verilog file "C:/Users/niros/Desktop/nemal/Washing_Pro/Washing_Pro.srcs/sources_1/new/CycleCustomization.v" into library xil_defaultlib
INFO: [VRFC 10-311] analyzing module CycleCustomization
INFO: [VRFC 10-2263] Analyzing Verilog file "C:/Users/niros/Desktop/nemal/Washing_Pro/Washing_Pro.srcs/sources_1/new/EnergyMonitor.v" into library xil_defaultlib
INFO: [VRFC 10-311] analyzing module EnergyMonitor
INFO: [VRFC 10-2263] Analyzing Verilog file "C:/Users/niros/Desktop/nemal/Washing_Pro/Washing_Pro.srcs/sources_1/new/LoadSensing.v" into library xil_defaultlib
INFO: [VRFC 10-311] analyzing module LoadSensing
INFO: [VRFC 10-2263] Analyzing Verilog file "C:/Users/niros/Desktop/nemal/Washing_Pro/Washing_Pro.srcs/sources_1/new/SmartSensing.v" into library xil_defaultlib
INFO: [VRFC 10-311] analyzing module SmartSensing
INFO: [VRFC 10-2263] Analyzing Verilog file "C:/Users/niros/Desktop/nemal/Washing_Pro/Washing_Pro.srcs/sources_1/new/TemperatureControl.v" into library xil_defaultlib
INFO: [VRFC 10-311] analyzing module TemperatureControl
INFO: [VRFC 10-2263] Analyzing Verilog file "C:/Users/niros/Desktop/nemal/Washing_Pro/Washing_Pro.srcs/sources_1/new/WaterControl.v" into library xil_defaultlib
INFO: [VRFC 10-311] analyzing module WaterControl
INFO: [VRFC 10-2263] Analyzing Verilog file "C:/Users/niros/Desktop/nemal/Washing_Pro/Washing_Pro.srcs/sim_1/new/AutomaticWashingMachineTB.v" into library xil_defaultlib
INFO: [VRFC 10-311] analyzing module AutomaticWashingMachineTB
INFO: [VRFC 10-2263] Analyzing Verilog file "C:/Users/niros/Desktop/nemal/Washing_Pro/Washing_Pro.sim/sim_1/behav/xsim/glbl.v" into library xil_defaultlib
INFO: [VRFC 10-311] analyzing module glbl
