#-----------------------------------------------------------
# Vivado v2024.1 (64-bit)
# SW Build 5076996 on Wed May 22 18:37:14 MDT 2024
# IP Build 5075265 on Wed May 22 21:45:21 MDT 2024
# SharedData Build 5076995 on Wed May 22 18:29:18 MDT 2024
# Start of session at: Fri Nov  8 16:03:09 2024
# Process ID: 12240
# Current directory: C:/Users/niros/Desktop/nemal/Washing_Pro
# Command line: vivado.exe -gui_launcher_event rodinguilauncherevent12180 C:\Users\niros\Desktop\nemal\Washing_Pro\Washing_Pro.xpr
# Log file: C:/Users/niros/Desktop/nemal/Washing_Pro/vivado.log
# Journal file: C:/Users/niros/Desktop/nemal/Washing_Pro\vivado.jou
# Running On        :NeroIJN
# Platform          :Windows Server 2016 or Windows 10
# Operating System  :22631
# Processor Detail  :AMD Ryzen 5 5600H with Radeon Graphics         
# CPU Frequency     :3294 MHz
# CPU Physical cores:6
# CPU Logical cores :12
# Host memory       :16487 MB
# Swap memory       :15569 MB
# Total Virtual     :32057 MB
# Available Virtual :19692 MB
#-----------------------------------------------------------
start_gui
WARNING: [Board 49-26] cannot add Board Part xilinx.com:kc705:part0:1.6 available at F:/Vivado/Vivado/2024.1/data/xhub/boards/XilinxBoardStore/boards/Xilinx/kc705/1.6/board.xml as part xc7k325tffg900-2 specified in board_part file is either invalid or not available
WARNING: [Board 49-26] cannot add Board Part xilinx.com:kcu105:part0:1.6 available at F:/Vivado/Vivado/2024.1/data/xhub/boards/XilinxBoardStore/boards/Xilinx/kcu105/1.6/board.xml as part xcku040-ffva1156-2-e specified in board_part file is either invalid or not available
WARNING: [Board 49-26] cannot add Board Part xilinx.com:kcu105:part0:1.7 available at F:/Vivado/Vivado/2024.1/data/xhub/boards/XilinxBoardStore/boards/Xilinx/kcu105/1.7/board.xml as part xcku040-ffva1156-2-e specified in board_part file is either invalid or not available
WARNING: [Board 49-26] cannot add Board Part xilinx.com:kcu1500:part0:1.2 available at F:/Vivado/Vivado/2024.1/data/xhub/boards/XilinxBoardStore/boards/Xilinx/kcu1500/1.2/board.xml as part xcku115-flvb2104-2-e specified in board_part file is either invalid or not available
WARNING: [Board 49-26] cannot add Board Part xilinx.com:vc707:part0:1.4 available at F:/Vivado/Vivado/2024.1/data/xhub/boards/XilinxBoardStore/boards/Xilinx/vc707/1.4/board.xml as part xc7vx485tffg1761-2 specified in board_part file is either invalid or not available
WARNING: [Board 49-26] cannot add Board Part xilinx.com:vc709:part0:1.8 available at F:/Vivado/Vivado/2024.1/data/xhub/boards/XilinxBoardStore/boards/Xilinx/vc709/1.8/board.xml as part xc7vx690tffg1761-2 specified in board_part file is either invalid or not available
WARNING: [Board 49-26] cannot add Board Part xilinx.com:vck190:part0:2.2 available at F:/Vivado/Vivado/2024.1/data/xhub/boards/XilinxBoardStore/boards/Xilinx/vck190/production/2.2/board.xml as part xcvc1902-vsva2197-2mp-e-s specified in board_part file is either invalid or not available
WARNING: [Board 49-26] cannot add Board Part xilinx.com:vck190:part0:3.0 available at F:/Vivado/Vivado/2024.1/data/xhub/boards/XilinxBoardStore/boards/Xilinx/vck190/production/3.0/board.xml as part xcvc1902-vsva2197-2mp-e-s specified in board_part file is either invalid or not available
WARNING: [Board 49-26] cannot add Board Part xilinx.com:vck190:part0:3.1 available at F:/Vivado/Vivado/2024.1/data/xhub/boards/XilinxBoardStore/boards/Xilinx/vck190/production/3.1/board.xml as part xcvc1902-vsva2197-2mp-e-s specified in board_part file is either invalid or not available
WARNING: [Board 49-26] cannot add Board Part xilinx.com:vck190:part0:3.2 available at F:/Vivado/Vivado/2024.1/data/xhub/boards/XilinxBoardStore/boards/Xilinx/vck190/production/3.2/board.xml as part xcvc1902-vsva2197-2mp-e-s specified in board_part file is either invalid or not available
WARNING: [Board 49-26] cannot add Board Part xilinx.com:vck190:part0:3.3 available at F:/Vivado/Vivado/2024.1/data/xhub/boards/XilinxBoardStore/boards/Xilinx/vck190/production/3.3/board.xml as part xcvc1902-vsva2197-2mp-e-s specified in board_part file is either invalid or not available
WARNING: [Board 49-26] cannot add Board Part xilinx.com:vck190_newl:part0:1.0 available at F:/Vivado/Vivado/2024.1/data/xhub/boards/XilinxBoardStore/boards/Xilinx/vck190_newl/production/1.0/board.xml as part xcvc1902-vsva2197-2mp-e-s specified in board_part file is either invalid or not available
WARNING: [Board 49-26] cannot add Board Part xilinx.com:vck190_newl:part0:1.1 available at F:/Vivado/Vivado/2024.1/data/xhub/boards/XilinxBoardStore/boards/Xilinx/vck190_newl/production/1.1/board.xml as part xcvc1902-vsva2197-2mp-e-s specified in board_part file is either invalid or not available
WARNING: [Board 49-26] cannot add Board Part xilinx.com:vck190_newl:part0:1.2 available at F:/Vivado/Vivado/2024.1/data/xhub/boards/XilinxBoardStore/boards/Xilinx/vck190_newl/production/1.2/board.xml as part xcvc1902-vsva2197-2mp-e-s specified in board_part file is either invalid or not available
WARNING: [Board 49-26] cannot add Board Part xilinx.com:vcu108:part0:1.6 available at F:/Vivado/Vivado/2024.1/data/xhub/boards/XilinxBoardStore/boards/Xilinx/vcu108/1.6/board.xml as part xcvu095-ffva2104-2-e specified in board_part file is either invalid or not available
WARNING: [Board 49-26] cannot add Board Part xilinx.com:vcu108:part0:1.7 available at F:/Vivado/Vivado/2024.1/data/xhub/boards/XilinxBoardStore/boards/Xilinx/vcu108/1.7/board.xml as part xcvu095-ffva2104-2-e specified in board_part file is either invalid or not available
WARNING: [Board 49-26] cannot add Board Part xilinx.com:vcu110:part0:1.4 available at F:/Vivado/Vivado/2024.1/data/xhub/boards/XilinxBoardStore/boards/Xilinx/vcu110/1.4/board.xml as part xcvu190-flgc2104-2-e specified in board_part file is either invalid or not available
WARNING: [Board 49-26] cannot add Board Part xilinx.com:vcu118:part0:2.0 available at F:/Vivado/Vivado/2024.1/data/xhub/boards/XilinxBoardStore/boards/Xilinx/vcu118/2.0/board.xml as part xcvu9p-flga2104-2l-e specified in board_part file is either invalid or not available
WARNING: [Board 49-26] cannot add Board Part xilinx.com:vcu118:part0:2.3 available at F:/Vivado/Vivado/2024.1/data/xhub/boards/XilinxBoardStore/boards/Xilinx/vcu118/2.3/board.xml as part xcvu9p-flga2104-2l-e specified in board_part file is either invalid or not available
WARNING: [Board 49-26] cannot add Board Part xilinx.com:vcu118:part0:2.4 available at F:/Vivado/Vivado/2024.1/data/xhub/boards/XilinxBoardStore/boards/Xilinx/vcu118/2.4/board.xml as part xcvu9p-flga2104-2l-e specified in board_part file is either invalid or not available
WARNING: [Board 49-26] cannot add Board Part xilinx.com:vcu129:part0:1.0 available at F:/Vivado/Vivado/2024.1/data/xhub/boards/XilinxBoardStore/boards/Xilinx/vcu129/production/1.0/board.xml as part xcvu29p-fsga2577-2l-e specified in board_part file is either invalid or not available
WARNING: [Board 49-26] cannot add Board Part xilinx.com:vcu1525:part0:1.3 available at F:/Vivado/Vivado/2024.1/data/xhub/boards/XilinxBoardStore/boards/Xilinx/vcu1525/1.3/board.xml as part xcvu9p-fsgd2104-2l-e specified in board_part file is either invalid or not available
WARNING: [Board 49-26] cannot add Board Part xilinx.com:vek280:part0:1.0 available at F:/Vivado/Vivado/2024.1/data/xhub/boards/XilinxBoardStore/boards/Xilinx/vek280/production/1.0/board.xml as part xcve2802-vsvh1760-2mp-e-s specified in board_part file is either invalid or not available
WARNING: [Board 49-26] cannot add Board Part xilinx.com:vek280:part0:1.1 available at F:/Vivado/Vivado/2024.1/data/xhub/boards/XilinxBoardStore/boards/Xilinx/vek280/production/1.1/board.xml as part xcve2802-vsvh1760-2mp-e-s specified in board_part file is either invalid or not available
WARNING: [Board 49-26] cannot add Board Part xilinx.com:vek280:part0:1.2 available at F:/Vivado/Vivado/2024.1/data/xhub/boards/XilinxBoardStore/boards/Xilinx/vek280/production/1.2/board.xml as part xcve2802-vsvh1760-2mp-e-s specified in board_part file is either invalid or not available
WARNING: [Board 49-26] cannot add Board Part xilinx.com:vek280_es:part0:1.0 available at F:/Vivado/Vivado/2024.1/data/xhub/boards/XilinxBoardStore/boards/Xilinx/vek280/es/rev_a/1.0/board.xml as part xcve2802-vsvh1760-2lp-e-s-es1 specified in board_part file is either invalid or not available
WARNING: [Board 49-26] cannot add Board Part xilinx.com:vek280_es:part0:1.1 available at F:/Vivado/Vivado/2024.1/data/xhub/boards/XilinxBoardStore/boards/Xilinx/vek280/es/rev_a/1.1/board.xml as part xcve2802-vsvh1760-2lp-e-s-es1 specified in board_part file is either invalid or not available
WARNING: [Board 49-26] cannot add Board Part xilinx.com:vek280_es_revb:part0:1.0 available at F:/Vivado/Vivado/2024.1/data/xhub/boards/XilinxBoardStore/boards/Xilinx/vek280/es/rev_b/1.0/board.xml as part xcve2802-vsvh1760-2mp-e-s-es1 specified in board_part file is either invalid or not available
WARNING: [Board 49-26] cannot add Board Part xilinx.com:vek280_es_revb:part0:1.1 available at F:/Vivado/Vivado/2024.1/data/xhub/boards/XilinxBoardStore/boards/Xilinx/vek280/es/rev_b/1.1/board.xml as part xcve2802-vsvh1760-2mp-e-s-es1 specified in board_part file is either invalid or not available
WARNING: [Board 49-26] cannot add Board Part xilinx.com:vermeo_t1_mpsoc:part0:1.0 available at F:/Vivado/Vivado/2024.1/data/xhub/boards/XilinxBoardStore/boards/Xilinx/vermeo_t1_mpsoc/1.0/board.xml as part xczu19eg-ffvd1760-2l-e specified in board_part file is either invalid or not available
WARNING: [Board 49-26] cannot add Board Part xilinx.com:vermeo_t1_rfsoc:part0:1.0 available at F:/Vivado/Vivado/2024.1/data/xhub/boards/XilinxBoardStore/boards/Xilinx/vermeo_t1_rfsoc/1.0/board.xml as part xczu21dr-ffvd1156-2l-e specified in board_part file is either invalid or not available
WARNING: [Board 49-26] cannot add Board Part xilinx.com:vhk158:part0:1.0 available at F:/Vivado/Vivado/2024.1/data/xhub/boards/XilinxBoardStore/boards/Xilinx/vhk158/production/1.0/board.xml as part xcvh1582-vsva3697-2mp-e-s specified in board_part file is either invalid or not available
WARNING: [Board 49-26] cannot add Board Part xilinx.com:vhk158:part0:1.1 available at F:/Vivado/Vivado/2024.1/data/xhub/boards/XilinxBoardStore/boards/Xilinx/vhk158/production/1.1/board.xml as part xcvh1582-vsva3697-2mp-e-s specified in board_part file is either invalid or not available
WARNING: [Board 49-26] cannot add Board Part xilinx.com:vhk158_es:part0:1.0 available at F:/Vivado/Vivado/2024.1/data/xhub/boards/XilinxBoardStore/boards/Xilinx/vhk158/es/1.0/board.xml as part xcvh1582-vsva3697-2mp-e-s-es1 specified in board_part file is either invalid or not available
WARNING: [Board 49-26] cannot add Board Part xilinx.com:vhk158_es:part0:1.1 available at F:/Vivado/Vivado/2024.1/data/xhub/boards/XilinxBoardStore/boards/Xilinx/vhk158/es/1.1/board.xml as part xcvh1582-vsva3697-2mp-e-s-es1 specified in board_part file is either invalid or not available
WARNING: [Board 49-26] cannot add Board Part xilinx.com:vmk180:part0:2.2 available at F:/Vivado/Vivado/2024.1/data/xhub/boards/XilinxBoardStore/boards/Xilinx/vmk180/production/2.2/board.xml as part xcvm1802-vsva2197-2mp-e-s specified in board_part file is either invalid or not available
WARNING: [Board 49-26] cannot add Board Part xilinx.com:vmk180:part0:3.0 available at F:/Vivado/Vivado/2024.1/data/xhub/boards/XilinxBoardStore/boards/Xilinx/vmk180/production/3.0/board.xml as part xcvm1802-vsva2197-2mp-e-s specified in board_part file is either invalid or not available
WARNING: [Board 49-26] cannot add Board Part xilinx.com:vmk180:part0:3.1 available at F:/Vivado/Vivado/2024.1/data/xhub/boards/XilinxBoardStore/boards/Xilinx/vmk180/production/3.1/board.xml as part xcvm1802-vsva2197-2mp-e-s specified in board_part file is either invalid or not available
WARNING: [Board 49-26] cannot add Board Part xilinx.com:vmk180:part0:3.2 available at F:/Vivado/Vivado/2024.1/data/xhub/boards/XilinxBoardStore/boards/Xilinx/vmk180/production/3.2/board.xml as part xcvm1802-vsva2197-2mp-e-s specified in board_part file is either invalid or not available
WARNING: [Board 49-26] cannot add Board Part xilinx.com:vmk180_newl:part0:1.0 available at F:/Vivado/Vivado/2024.1/data/xhub/boards/XilinxBoardStore/boards/Xilinx/vmk180_newl/production/1.0/board.xml as part xcvm1802-vsva2197-2mp-e-s specified in board_part file is either invalid or not available
WARNING: [Board 49-26] cannot add Board Part xilinx.com:vmk180_newl:part0:1.1 available at F:/Vivado/Vivado/2024.1/data/xhub/boards/XilinxBoardStore/boards/Xilinx/vmk180_newl/production/1.1/board.xml as part xcvm1802-vsva2197-2mp-e-s specified in board_part file is either invalid or not available
WARNING: [Board 49-26] cannot add Board Part xilinx.com:vpk120:part0:1.0 available at F:/Vivado/Vivado/2024.1/data/xhub/boards/XilinxBoardStore/boards/Xilinx/vpk120/production/1.0/board.xml as part xcvp1202-vsva2785-2mp-e-s specified in board_part file is either invalid or not available
WARNING: [Board 49-26] cannot add Board Part xilinx.com:vpk120:part0:1.1 available at F:/Vivado/Vivado/2024.1/data/xhub/boards/XilinxBoardStore/boards/Xilinx/vpk120/production/1.1/board.xml as part xcvp1202-vsva2785-2mp-e-s specified in board_part file is either invalid or not available
WARNING: [Board 49-26] cannot add Board Part xilinx.com:vpk120:part0:1.2 available at F:/Vivado/Vivado/2024.1/data/xhub/boards/XilinxBoardStore/boards/Xilinx/vpk120/production/1.2/board.xml as part xcvp1202-vsva2785-2mp-e-s specified in board_part file is either invalid or not available
WARNING: [Board 49-26] cannot add Board Part xilinx.com:vpk180:part0:1.0 available at F:/Vivado/Vivado/2024.1/data/xhub/boards/XilinxBoardStore/boards/Xilinx/vpk180/production/1.0/board.xml as part xcvp1802-lsvc4072-2mp-e-s specified in board_part file is either invalid or not available
WARNING: [Board 49-26] cannot add Board Part xilinx.com:vpk180:part0:1.1 available at F:/Vivado/Vivado/2024.1/data/xhub/boards/XilinxBoardStore/boards/Xilinx/vpk180/production/1.1/board.xml as part xcvp1802-lsvc4072-2mp-e-s specified in board_part file is either invalid or not available
WARNING: [Board 49-26] cannot add Board Part xilinx.com:vpk180:part0:1.2 available at F:/Vivado/Vivado/2024.1/data/xhub/boards/XilinxBoardStore/boards/Xilinx/vpk180/production/1.2/board.xml as part xcvp1802-lsvc4072-2mp-e-s specified in board_part file is either invalid or not available
WARNING: [Board 49-26] cannot add Board Part xilinx.com:zc706:part0:1.4 available at F:/Vivado/Vivado/2024.1/data/xhub/boards/XilinxBoardStore/boards/Xilinx/zc706/1.4/board.xml as part xc7z045ffg900-2 specified in board_part file is either invalid or not available
WARNING: [Board 49-26] cannot add Board Part xilinx.com:zcu102:part0:3.3 available at F:/Vivado/Vivado/2024.1/data/xhub/boards/XilinxBoardStore/boards/Xilinx/zcu102/3.3/board.xml as part xczu9eg-ffvb1156-2-e specified in board_part file is either invalid or not available
WARNING: [Board 49-26] cannot add Board Part xilinx.com:zcu102:part0:3.4 available at F:/Vivado/Vivado/2024.1/data/xhub/boards/XilinxBoardStore/boards/Xilinx/zcu102/3.4/board.xml as part xczu9eg-ffvb1156-2-e specified in board_part file is either invalid or not available
WARNING: [Board 49-26] cannot add Board Part xilinx.com:zcu111:part0:1.2 available at F:/Vivado/Vivado/2024.1/data/xhub/boards/XilinxBoardStore/boards/Xilinx/zcu111/1.2/board.xml as part xczu28dr-ffvg1517-2-e specified in board_part file is either invalid or not available
WARNING: [Board 49-26] cannot add Board Part xilinx.com:zcu111:part0:1.3 available at F:/Vivado/Vivado/2024.1/data/xhub/boards/XilinxBoardStore/boards/Xilinx/zcu111/1.3/board.xml as part xczu28dr-ffvg1517-2-e specified in board_part file is either invalid or not available
WARNING: [Board 49-26] cannot add Board Part xilinx.com:zcu111:part0:1.4 available at F:/Vivado/Vivado/2024.1/data/xhub/boards/XilinxBoardStore/boards/Xilinx/zcu111/1.4/board.xml as part xczu28dr-ffvg1517-2-e specified in board_part file is either invalid or not available
WARNING: [Board 49-26] cannot add Board Part xilinx.com:zcu1275:part0:1.0 available at F:/Vivado/Vivado/2024.1/data/xhub/boards/XilinxBoardStore/boards/Xilinx/zcu1275/1.0/board.xml as part xczu29dr-ffvf1760-2-e specified in board_part file is either invalid or not available
WARNING: [Board 49-26] cannot add Board Part xilinx.com:zcu1285:part0:1.0 available at F:/Vivado/Vivado/2024.1/data/xhub/boards/XilinxBoardStore/boards/Xilinx/zcu1285/1.0/board.xml as part xczu39dr-ffvf1760-2-i specified in board_part file is either invalid or not available
WARNING: [Board 49-26] cannot add Board Part xilinx.com:zcu208:part0:2.0 available at F:/Vivado/Vivado/2024.1/data/xhub/boards/XilinxBoardStore/boards/Xilinx/zcu208/production/2.0/board.xml as part xczu48dr-fsvg1517-2-e specified in board_part file is either invalid or not available
WARNING: [Board 49-26] cannot add Board Part xilinx.com:zcu208ld:part0:2.0 available at F:/Vivado/Vivado/2024.1/data/xhub/boards/XilinxBoardStore/boards/Xilinx/zcu208ld/production/2.0/board.xml as part xczu58dr-fsvg1517-2-i specified in board_part file is either invalid or not available
WARNING: [Board 49-26] cannot add Board Part xilinx.com:zcu216:part0:2.0 available at F:/Vivado/Vivado/2024.1/data/xhub/boards/XilinxBoardStore/boards/Xilinx/zcu216/production/2.0/board.xml as part xczu49dr-ffvf1760-2-e specified in board_part file is either invalid or not available
WARNING: [Board 49-26] cannot add Board Part xilinx.com:zcu216ld:part0:2.0 available at F:/Vivado/Vivado/2024.1/data/xhub/boards/XilinxBoardStore/boards/Xilinx/zcu216ld/production/2.0/board.xml as part xczu59dr-ffvf1760-2-i specified in board_part file is either invalid or not available
WARNING: [Board 49-26] cannot add Board Part xilinx.com:zcu670:part0:2.0 available at F:/Vivado/Vivado/2024.1/data/xhub/boards/XilinxBoardStore/boards/Xilinx/zcu670/2.0/board.xml as part xczu67dr-fsve1156-2-i specified in board_part file is either invalid or not available
WARNING: [Board 49-26] cannot add Board Part xilinx.com:zcu670ld:part0:1.0 available at F:/Vivado/Vivado/2024.1/data/xhub/boards/XilinxBoardStore/boards/Xilinx/zcu670ld/1.0/board.xml as part xczu57dr-fsve1156-2-i specified in board_part file is either invalid or not available
open_project C:/Users/niros/Desktop/nemal/Washing_Pro/Washing_Pro.xpr
INFO: [Project 1-313] Project file moved from 'E:/5_semester/HDL/Final_Project/Washing_Pro' since last save.
INFO: [filemgmt 56-3] Default IP Output Path : Could not find the directory 'C:/Users/niros/Desktop/nemal/Washing_Pro/Washing_Pro.gen/sources_1'.
Scanning sources...
Finished scanning sources
INFO: [Project 1-230] Project 'Washing_Pro.xpr' upgraded for this version of Vivado.
INFO: [IP_Flow 19-234] Refreshing IP repositories
INFO: [IP_Flow 19-1704] No user IP repositories specified
INFO: [IP_Flow 19-2313] Loaded Vivado IP repository 'F:/Vivado/Vivado/2024.1/data/ip'.
update_compile_order -fileset sources_1
WARNING: [filemgmt 56-199] Attempt to get parsing info during refresh. "On-the-fly" syntax checking information may be incorrect. [C:\Users\niros\Desktop\nemal\Washing_Pro\Washing_Pro.srcs\sources_1\new\TemperatureControl.v:]
WARNING: [filemgmt 56-199] Attempt to get parsing info during refresh. "On-the-fly" syntax checking information may be incorrect. [C:\Users\niros\Desktop\nemal\Washing_Pro\Washing_Pro.srcs\sources_1\new\WaterControl.v:]
WARNING: [filemgmt 56-199] Attempt to get parsing info during refresh. "On-the-fly" syntax checking information may be incorrect. [C:\Users\niros\Desktop\nemal\Washing_Pro\Washing_Pro.srcs\sources_1\new\ControlUnit.v:]
WARNING: [filemgmt 56-199] Attempt to get parsing info during refresh. "On-the-fly" syntax checking information may be incorrect. [C:\Users\niros\Desktop\nemal\Washing_Pro\Washing_Pro.srcs\sources_1\new\SmartSensing.v:]
WARNING: [filemgmt 56-199] Attempt to get parsing info during refresh. "On-the-fly" syntax checking information may be incorrect. [C:\Users\niros\Desktop\nemal\Washing_Pro\Washing_Pro.srcs\sources_1\new\AutomaticWashingMachine.v:]
WARNING: [filemgmt 56-199] Attempt to get parsing info during refresh. "On-the-fly" syntax checking information may be incorrect. [C:\Users\niros\Desktop\nemal\Washing_Pro\Washing_Pro.srcs\sources_1\new\ControlUnit.v:]
WARNING: [filemgmt 56-199] Attempt to get parsing info during refresh. "On-the-fly" syntax checking information may be incorrect. [C:\Users\niros\Desktop\nemal\Washing_Pro\Washing_Pro.srcs\sources_1\new\ControlUnit.v:]
WARNING: [filemgmt 56-199] Attempt to get parsing info during refresh. "On-the-fly" syntax checking information may be incorrect. [C:\Users\niros\Desktop\nemal\Washing_Pro\Washing_Pro.srcs\sources_1\new\TemperatureControl.v:]
WARNING: [filemgmt 56-199] Attempt to get parsing info during refresh. "On-the-fly" syntax checking information may be incorrect. [C:\Users\niros\Desktop\nemal\Washing_Pro\Washing_Pro.srcs\sources_1\new\WaterControl.v:]
WARNING: [filemgmt 56-199] Attempt to get parsing info during refresh. "On-the-fly" syntax checking information may be incorrect. [C:\Users\niros\Desktop\nemal\Washing_Pro\Washing_Pro.srcs\sources_1\new\ControlUnit.v:]
WARNING: [filemgmt 56-199] Attempt to get parsing info during refresh. "On-the-fly" syntax checking information may be incorrect. [C:\Users\niros\Desktop\nemal\Washing_Pro\Washing_Pro.srcs\sources_1\new\SmartSensing.v:]
WARNING: [filemgmt 56-199] Attempt to get parsing info during refresh. "On-the-fly" syntax checking information may be incorrect. [C:\Users\niros\Desktop\nemal\Washing_Pro\Washing_Pro.srcs\sources_1\new\AutomaticWashingMachine.v:]
WARNING: [filemgmt 56-199] Attempt to get parsing info during refresh. "On-the-fly" syntax checking information may be incorrect. [C:\Users\niros\Desktop\nemal\Washing_Pro\Washing_Pro.srcs\sources_1\new\WaterControl.v:]
WARNING: [filemgmt 56-199] Attempt to get parsing info during refresh. "On-the-fly" syntax checking information may be incorrect. [C:\Users\niros\Desktop\nemal\Washing_Pro\Washing_Pro.srcs\sources_1\new\WaterControl.v:]
WARNING: [filemgmt 56-199] Attempt to get parsing info during refresh. "On-the-fly" syntax checking information may be incorrect. [C:\Users\niros\Desktop\nemal\Washing_Pro\Washing_Pro.srcs\sources_1\new\TemperatureControl.v:]
WARNING: [filemgmt 56-199] Attempt to get parsing info during refresh. "On-the-fly" syntax checking information may be incorrect. [C:\Users\niros\Desktop\nemal\Washing_Pro\Washing_Pro.srcs\sources_1\new\WaterControl.v:]
WARNING: [filemgmt 56-199] Attempt to get parsing info during refresh. "On-the-fly" syntax checking information may be incorrect. [C:\Users\niros\Desktop\nemal\Washing_Pro\Washing_Pro.srcs\sources_1\new\ControlUnit.v:]
WARNING: [filemgmt 56-199] Attempt to get parsing info during refresh. "On-the-fly" syntax checking information may be incorrect. [C:\Users\niros\Desktop\nemal\Washing_Pro\Washing_Pro.srcs\sources_1\new\SmartSensing.v:]
WARNING: [filemgmt 56-199] Attempt to get parsing info during refresh. "On-the-fly" syntax checking information may be incorrect. [C:\Users\niros\Desktop\nemal\Washing_Pro\Washing_Pro.srcs\sources_1\new\AutomaticWashingMachine.v:]
WARNING: [filemgmt 56-199] Attempt to get parsing info during refresh. "On-the-fly" syntax checking information may be incorrect. [C:\Users\niros\Desktop\nemal\Washing_Pro\Washing_Pro.srcs\sources_1\new\AutomaticWashingMachine.v:]
WARNING: [filemgmt 56-199] Attempt to get parsing info during refresh. "On-the-fly" syntax checking information may be incorrect. [C:\Users\niros\Desktop\nemal\Washing_Pro\Washing_Pro.srcs\sources_1\new\AutomaticWashingMachine.v:]
WARNING: [filemgmt 56-199] Attempt to get parsing info during refresh. "On-the-fly" syntax checking information may be incorrect. [C:\Users\niros\Desktop\nemal\Washing_Pro\Washing_Pro.srcs\sources_1\new\TemperatureControl.v:]
WARNING: [filemgmt 56-199] Attempt to get parsing info during refresh. "On-the-fly" syntax checking information may be incorrect. [C:\Users\niros\Desktop\nemal\Washing_Pro\Washing_Pro.srcs\sources_1\new\WaterControl.v:]
WARNING: [filemgmt 56-199] Attempt to get parsing info during refresh. "On-the-fly" syntax checking information may be incorrect. [C:\Users\niros\Desktop\nemal\Washing_Pro\Washing_Pro.srcs\sources_1\new\ControlUnit.v:]
WARNING: [filemgmt 56-199] Attempt to get parsing info during refresh. "On-the-fly" syntax checking information may be incorrect. [C:\Users\niros\Desktop\nemal\Washing_Pro\Washing_Pro.srcs\sources_1\new\SmartSensing.v:]
WARNING: [filemgmt 56-199] Attempt to get parsing info during refresh. "On-the-fly" syntax checking information may be incorrect. [C:\Users\niros\Desktop\nemal\Washing_Pro\Washing_Pro.srcs\sources_1\new\AutomaticWashingMachine.v:]
WARNING: [filemgmt 56-199] Attempt to get parsing info during refresh. "On-the-fly" syntax checking information may be incorrect. [C:\Users\niros\Desktop\nemal\Washing_Pro\Washing_Pro.srcs\sources_1\new\TemperatureControl.v:]
WARNING: [filemgmt 56-199] Attempt to get parsing info during refresh. "On-the-fly" syntax checking information may be incorrect. [C:\Users\niros\Desktop\nemal\Washing_Pro\Washing_Pro.srcs\sources_1\new\TemperatureControl.v:]
ERROR: [Common 17-180] Spawn failed: No error
WARNING: [filemgmt 56-199] Attempt to get parsing info during refresh. "On-the-fly" syntax checking information may be incorrect. [C:\Users\niros\Desktop\nemal\Washing_Pro\Washing_Pro.srcs\sources_1\new\CycleCustomization.v:]
WARNING: [filemgmt 56-199] Attempt to get parsing info during refresh. "On-the-fly" syntax checking information may be incorrect. [C:\Users\niros\Desktop\nemal\Washing_Pro\Washing_Pro.srcs\sources_1\new\TemperatureControl.v:]
WARNING: [filemgmt 56-199] Attempt to get parsing info during refresh. "On-the-fly" syntax checking information may be incorrect. [C:\Users\niros\Desktop\nemal\Washing_Pro\Washing_Pro.srcs\sources_1\new\WaterControl.v:]
WARNING: [filemgmt 56-199] Attempt to get parsing info during refresh. "On-the-fly" syntax checking information may be incorrect. [C:\Users\niros\Desktop\nemal\Washing_Pro\Washing_Pro.srcs\sources_1\new\ControlUnit.v:]
WARNING: [filemgmt 56-199] Attempt to get parsing info during refresh. "On-the-fly" syntax checking information may be incorrect. [C:\Users\niros\Desktop\nemal\Washing_Pro\Washing_Pro.srcs\sources_1\new\SmartSensing.v:]
WARNING: [filemgmt 56-199] Attempt to get parsing info during refresh. "On-the-fly" syntax checking information may be incorrect. [C:\Users\niros\Desktop\nemal\Washing_Pro\Washing_Pro.srcs\sources_1\new\LoadSensing.v:]
WARNING: [filemgmt 56-199] Attempt to get parsing info during refresh. "On-the-fly" syntax checking information may be incorrect. [C:\Users\niros\Desktop\nemal\Washing_Pro\Washing_Pro.srcs\sources_1\new\AutomaticWashingMachine.v:]
WARNING: [filemgmt 56-199] Attempt to get parsing info during refresh. "On-the-fly" syntax checking information may be incorrect. [C:\Users\niros\Desktop\nemal\Washing_Pro\Washing_Pro.srcs\sources_1\new\ControlUnit.v:]
WARNING: [filemgmt 56-199] Attempt to get parsing info during refresh. "On-the-fly" syntax checking information may be incorrect. [C:\Users\niros\Desktop\nemal\Washing_Pro\Washing_Pro.srcs\sources_1\new\ControlUnit.v:]
WARNING: [filemgmt 56-199] Attempt to get parsing info during refresh. "On-the-fly" syntax checking information may be incorrect. [C:\Users\niros\Desktop\nemal\Washing_Pro\Washing_Pro.srcs\sources_1\new\CycleCustomization.v:]
WARNING: [filemgmt 56-199] Attempt to get parsing info during refresh. "On-the-fly" syntax checking information may be incorrect. [C:\Users\niros\Desktop\nemal\Washing_Pro\Washing_Pro.srcs\sources_1\new\TemperatureControl.v:]
WARNING: [filemgmt 56-199] Attempt to get parsing info during refresh. "On-the-fly" syntax checking information may be incorrect. [C:\Users\niros\Desktop\nemal\Washing_Pro\Washing_Pro.srcs\sources_1\new\WaterControl.v:]
WARNING: [filemgmt 56-199] Attempt to get parsing info during refresh. "On-the-fly" syntax checking information may be incorrect. [C:\Users\niros\Desktop\nemal\Washing_Pro\Washing_Pro.srcs\sources_1\new\ControlUnit.v:]
WARNING: [filemgmt 56-199] Attempt to get parsing info during refresh. "On-the-fly" syntax checking information may be incorrect. [C:\Users\niros\Desktop\nemal\Washing_Pro\Washing_Pro.srcs\sources_1\new\SmartSensing.v:]
WARNING: [filemgmt 56-199] Attempt to get parsing info during refresh. "On-the-fly" syntax checking information may be incorrect. [C:\Users\niros\Desktop\nemal\Washing_Pro\Washing_Pro.srcs\sources_1\new\LoadSensing.v:]
WARNING: [filemgmt 56-199] Attempt to get parsing info during refresh. "On-the-fly" syntax checking information may be incorrect. [C:\Users\niros\Desktop\nemal\Washing_Pro\Washing_Pro.srcs\sources_1\new\AutomaticWashingMachine.v:]
WARNING: [filemgmt 56-199] Attempt to get parsing info during refresh. "On-the-fly" syntax checking information may be incorrect. [C:\Users\niros\Desktop\nemal\Washing_Pro\Washing_Pro.srcs\sources_1\new\WaterControl.v:]
WARNING: [filemgmt 56-199] Attempt to get parsing info during refresh. "On-the-fly" syntax checking information may be incorrect. [C:\Users\niros\Desktop\nemal\Washing_Pro\Washing_Pro.srcs\sources_1\new\WaterControl.v:]
WARNING: [filemgmt 56-199] Attempt to get parsing info during refresh. "On-the-fly" syntax checking information may be incorrect. [C:\Users\niros\Desktop\nemal\Washing_Pro\Washing_Pro.srcs\sources_1\new\CycleCustomization.v:]
WARNING: [filemgmt 56-199] Attempt to get parsing info during refresh. "On-the-fly" syntax checking information may be incorrect. [C:\Users\niros\Desktop\nemal\Washing_Pro\Washing_Pro.srcs\sources_1\new\TemperatureControl.v:]
WARNING: [filemgmt 56-199] Attempt to get parsing info during refresh. "On-the-fly" syntax checking information may be incorrect. [C:\Users\niros\Desktop\nemal\Washing_Pro\Washing_Pro.srcs\sources_1\new\WaterControl.v:]
WARNING: [filemgmt 56-199] Attempt to get parsing info during refresh. "On-the-fly" syntax checking information may be incorrect. [C:\Users\niros\Desktop\nemal\Washing_Pro\Washing_Pro.srcs\sources_1\new\ControlUnit.v:]
WARNING: [filemgmt 56-199] Attempt to get parsing info during refresh. "On-the-fly" syntax checking information may be incorrect. [C:\Users\niros\Desktop\nemal\Washing_Pro\Washing_Pro.srcs\sources_1\new\SmartSensing.v:]
WARNING: [filemgmt 56-199] Attempt to get parsing info during refresh. "On-the-fly" syntax checking information may be incorrect. [C:\Users\niros\Desktop\nemal\Washing_Pro\Washing_Pro.srcs\sources_1\new\LoadSensing.v:]
WARNING: [filemgmt 56-199] Attempt to get parsing info during refresh. "On-the-fly" syntax checking information may be incorrect. [C:\Users\niros\Desktop\nemal\Washing_Pro\Washing_Pro.srcs\sources_1\new\AutomaticWashingMachine.v:]
WARNING: [filemgmt 56-199] Attempt to get parsing info during refresh. "On-the-fly" syntax checking information may be incorrect. [C:\Users\niros\Desktop\nemal\Washing_Pro\Washing_Pro.srcs\sources_1\new\LoadSensing.v:]
WARNING: [filemgmt 56-199] Attempt to get parsing info during refresh. "On-the-fly" syntax checking information may be incorrect. [C:\Users\niros\Desktop\nemal\Washing_Pro\Washing_Pro.srcs\sources_1\new\LoadSensing.v:]
launch_simulation
Command: launch_simulation 
INFO: [Vivado 12-12493] Simulation top is 'AutomaticWashingMachineTB'
WARNING: [Vivado 12-13340] Unable to auto find GCC executables from simulator install path! (path not set)
INFO: [Vivado 12-5682] Launching behavioral simulation in 'C:/Users/niros/Desktop/nemal/Washing_Pro/Washing_Pro.sim/sim_1/behav/xsim'
INFO: [SIM-utils-51] Simulation object is 'sim_1'
INFO: [SIM-utils-72] Using boost library from 'F:/Vivado/Vivado/2024.1/tps/boost_1_72_0'
WARNING: [filemgmt 56-199] Attempt to get parsing info during refresh. "On-the-fly" syntax checking information may be incorrect. [C:\Users\niros\Desktop\nemal\Washing_Pro\Washing_Pro.srcs\sources_1\new\CycleCustomization.v:]
WARNING: [filemgmt 56-199] Attempt to get parsing info during refresh. "On-the-fly" syntax checking information may be incorrect. [C:\Users\niros\Desktop\nemal\Washing_Pro\Washing_Pro.srcs\sources_1\new\TemperatureControl.v:]
WARNING: [filemgmt 56-199] Attempt to get parsing info during refresh. "On-the-fly" syntax checking information may be incorrect. [C:\Users\niros\Desktop\nemal\Washing_Pro\Washing_Pro.srcs\sources_1\new\WaterControl.v:]
WARNING: [filemgmt 56-199] Attempt to get parsing info during refresh. "On-the-fly" syntax checking information may be incorrect. [C:\Users\niros\Desktop\nemal\Washing_Pro\Washing_Pro.srcs\sources_1\new\ControlUnit.v:]
WARNING: [filemgmt 56-199] Attempt to get parsing info during refresh. "On-the-fly" syntax checking information may be incorrect. [C:\Users\niros\Desktop\nemal\Washing_Pro\Washing_Pro.srcs\sources_1\new\SmartSensing.v:]
WARNING: [filemgmt 56-199] Attempt to get parsing info during refresh. "On-the-fly" syntax checking information may be incorrect. [C:\Users\niros\Desktop\nemal\Washing_Pro\Washing_Pro.srcs\sources_1\new\LoadSensing.v:]
WARNING: [filemgmt 56-199] Attempt to get parsing info during refresh. "On-the-fly" syntax checking information may be incorrect. [C:\Users\niros\Desktop\nemal\Washing_Pro\Washing_Pro.srcs\sources_1\new\AutomaticWashingMachine.v:]
WARNING: [filemgmt 56-199] Attempt to get parsing info during refresh. "On-the-fly" syntax checking information may be incorrect. [C:\Users\niros\Desktop\nemal\Washing_Pro\Washing_Pro.srcs\sources_1\new\AutomaticWashingMachine.v:]
WARNING: [filemgmt 56-199] Attempt to get parsing info during refresh. "On-the-fly" syntax checking information may be incorrect. [C:\Users\niros\Desktop\nemal\Washing_Pro\Washing_Pro.srcs\sources_1\new\AutomaticWashingMachine.v:]
WARNING: [filemgmt 56-199] Attempt to get parsing info during refresh. "On-the-fly" syntax checking information may be incorrect. [C:\Users\niros\Desktop\nemal\Washing_Pro\Washing_Pro.srcs\sources_1\new\CycleCustomization.v:]
WARNING: [filemgmt 56-199] Attempt to get parsing info during refresh. "On-the-fly" syntax checking information may be incorrect. [C:\Users\niros\Desktop\nemal\Washing_Pro\Washing_Pro.srcs\sources_1\new\TemperatureControl.v:]
WARNING: [filemgmt 56-199] Attempt to get parsing info during refresh. "On-the-fly" syntax checking information may be incorrect. [C:\Users\niros\Desktop\nemal\Washing_Pro\Washing_Pro.srcs\sources_1\new\WaterControl.v:]
WARNING: [filemgmt 56-199] Attempt to get parsing info during refresh. "On-the-fly" syntax checking information may be incorrect. [C:\Users\niros\Desktop\nemal\Washing_Pro\Washing_Pro.srcs\sources_1\new\ControlUnit.v:]
WARNING: [filemgmt 56-199] Attempt to get parsing info during refresh. "On-the-fly" syntax checking information may be incorrect. [C:\Users\niros\Desktop\nemal\Washing_Pro\Washing_Pro.srcs\sources_1\new\SmartSensing.v:]
WARNING: [filemgmt 56-199] Attempt to get parsing info during refresh. "On-the-fly" syntax checking information may be incorrect. [C:\Users\niros\Desktop\nemal\Washing_Pro\Washing_Pro.srcs\sources_1\new\LoadSensing.v:]
WARNING: [filemgmt 56-199] Attempt to get parsing info during refresh. "On-the-fly" syntax checking information may be incorrect. [C:\Users\niros\Desktop\nemal\Washing_Pro\Washing_Pro.srcs\sources_1\new\AutomaticWashingMachine.v:]
WARNING: [filemgmt 56-199] Attempt to get parsing info during refresh. "On-the-fly" syntax checking information may be incorrect. [C:\Users\niros\Desktop\nemal\Washing_Pro\Washing_Pro.srcs\sources_1\new\TemperatureControl.v:]
WARNING: [filemgmt 56-199] Attempt to get parsing info during refresh. "On-the-fly" syntax checking information may be incorrect. [C:\Users\niros\Desktop\nemal\Washing_Pro\Washing_Pro.srcs\sources_1\new\TemperatureControl.v:]
WARNING: [filemgmt 56-199] Attempt to get parsing info during refresh. "On-the-fly" syntax checking information may be incorrect. [C:\Users\niros\Desktop\nemal\Washing_Pro\Washing_Pro.srcs\sources_1\new\CycleCustomization.v:]
WARNING: [filemgmt 56-199] Attempt to get parsing info during refresh. "On-the-fly" syntax checking information may be incorrect. [C:\Users\niros\Desktop\nemal\Washing_Pro\Washing_Pro.srcs\sources_1\new\TemperatureControl.v:]
WARNING: [filemgmt 56-199] Attempt to get parsing info during refresh. "On-the-fly" syntax checking information may be incorrect. [C:\Users\niros\Desktop\nemal\Washing_Pro\Washing_Pro.srcs\sources_1\new\WaterControl.v:]
WARNING: [filemgmt 56-199] Attempt to get parsing info during refresh. "On-the-fly" syntax checking information may be incorrect. [C:\Users\niros\Desktop\nemal\Washing_Pro\Washing_Pro.srcs\sources_1\new\ControlUnit.v:]
WARNING: [filemgmt 56-199] Attempt to get parsing info during refresh. "On-the-fly" syntax checking information may be incorrect. [C:\Users\niros\Desktop\nemal\Washing_Pro\Washing_Pro.srcs\sources_1\new\SmartSensing.v:]
WARNING: [filemgmt 56-199] Attempt to get parsing info during refresh. "On-the-fly" syntax checking information may be incorrect. [C:\Users\niros\Desktop\nemal\Washing_Pro\Washing_Pro.srcs\sources_1\new\LoadSensing.v:]
WARNING: [filemgmt 56-199] Attempt to get parsing info during refresh. "On-the-fly" syntax checking information may be incorrect. [C:\Users\niros\Desktop\nemal\Washing_Pro\Washing_Pro.srcs\sources_1\new\AutomaticWashingMachine.v:]
WARNING: [filemgmt 56-199] Attempt to get parsing info during refresh. "On-the-fly" syntax checking information may be incorrect. [C:\Users\niros\Desktop\nemal\Washing_Pro\Washing_Pro.srcs\sources_1\new\SmartSensing.v:]
WARNING: [filemgmt 56-199] Attempt to get parsing info during refresh. "On-the-fly" syntax checking information may be incorrect. [C:\Users\niros\Desktop\nemal\Washing_Pro\Washing_Pro.srcs\sources_1\new\SmartSensing.v:]
INFO: [SIM-utils-54] Inspecting design source files for 'AutomaticWashingMachineTB' in fileset 'sim_1'...
INFO: [USF-XSim-97] Finding global include files...
INFO: [USF-XSim-98] Fetching design files from 'sim_1'...
INFO: [USF-XSim-2] XSim::Compile design
INFO: [USF-XSim-61] Executing 'COMPILE and ANALYZE' step in 'C:/Users/niros/Desktop/nemal/Washing_Pro/Washing_Pro.sim/sim_1/behav/xsim'
"xvlog --incr --relax -prj AutomaticWashingMachineTB_vlog.prj"
INFO: [VRFC 10-2263] Analyzing Verilog file "C:/Users/niros/Desktop/nemal/Washing_Pro/Washing_Pro.srcs/sources_1/new/AutoClean.v" into library xil_defaultlib
INFO: [VRFC 10-311] analyzing module AutoClean
INFO: [VRFC 10-2263] Analyzing Verilog file "C:/Users/niros/Desktop/nemal/Washing_Pro/Washing_Pro.srcs/sources_1/new/AutomaticWashingMachine.v" into library xil_defaultlib
INFO: [VRFC 10-311] analyzing module AutomaticWashingMachine
INFO: [VRFC 10-2263] Analyzing Verilog file "C:/Users/niros/Desktop/nemal/Washing_Pro/Washing_Pro.srcs/sources_1/new/ChildLock.v" into library xil_defaultlib
INFO: [VRFC 10-311] analyzing module ChildLock
INFO: [VRFC 10-2263] Analyzing Verilog file "C:/Users/niros/Desktop/nemal/Washing_Pro/Washing_Pro.srcs/sources_1/new/ControlUnit.v" into library xil_defaultlib
INFO: [VRFC 10-311] analyzing module ControlUnit
INFO: [VRFC 10-2263] Analyzing Verilog file "C:/Users/niros/Desktop/nemal/Washing_Pro/Washing_Pro.srcs/sources_1/new/CycleCustomization.v" into library xil_defaultlib
INFO: [VRFC 10-311] analyzing module CycleCustomization
INFO: [VRFC 10-2263] Analyzing Verilog file "C:/Users/niros/Desktop/nemal/Washing_Pro/Washing_Pro.srcs/sources_1/new/EnergyMonitor.v" into library xil_defaultlib
INFO: [VRFC 10-311] analyzing module EnergyMonitor
INFO: [VRFC 10-2263] Analyzing Verilog file "C:/Users/niros/Desktop/nemal/Washing_Pro/Washing_Pro.srcs/sources_1/new/LoadSensing.v" into library xil_defaultlib
INFO: [VRFC 10-311] analyzing module LoadSensing
INFO: [VRFC 10-2263] Analyzing Verilog file "C:/Users/niros/Desktop/nemal/Washing_Pro/Washing_Pro.srcs/sources_1/new/SmartSensing.v" into library xil_defaultlib
INFO: [VRFC 10-311] analyzing module SmartSensing
INFO: [VRFC 10-2263] Analyzing Verilog file "C:/Users/niros/Desktop/nemal/Washing_Pro/Washing_Pro.srcs/sources_1/new/TemperatureControl.v" into library xil_defaultlib
INFO: [VRFC 10-311] analyzing module TemperatureControl
INFO: [VRFC 10-2263] Analyzing Verilog file "C:/Users/niros/Desktop/nemal/Washing_Pro/Washing_Pro.srcs/sources_1/new/WaterControl.v" into library xil_defaultlib
INFO: [VRFC 10-311] analyzing module WaterControl
INFO: [VRFC 10-2263] Analyzing Verilog file "C:/Users/niros/Desktop/nemal/Washing_Pro/Washing_Pro.srcs/sim_1/new/AutomaticWashingMachineTB.v" into library xil_defaultlib
INFO: [VRFC 10-311] analyzing module AutomaticWashingMachineTB
INFO: [VRFC 10-2263] Analyzing Verilog file "C:/Users/niros/Desktop/nemal/Washing_Pro/Washing_Pro.sim/sim_1/behav/xsim/glbl.v" into library xil_defaultlib
INFO: [VRFC 10-311] analyzing module glbl
INFO: [USF-XSim-69] 'compile' step finished in '2' seconds
INFO: [USF-XSim-3] XSim::Elaborate design
INFO: [USF-XSim-61] Executing 'ELABORATE' step in 'C:/Users/niros/Desktop/nemal/Washing_Pro/Washing_Pro.sim/sim_1/behav/xsim'
"xelab --incr --debug typical --relax --mt 2 -L xil_defaultlib -L unisims_ver -L unimacro_ver -L secureip --snapshot AutomaticWashingMachineTB_behav xil_defaultlib.AutomaticWashingMachineTB xil_defaultlib.glbl -log elaborate.log"
Vivado Simulator v2024.1
Copyright 1986-2022 Xilinx, Inc. All Rights Reserved.
Copyright 2022-2024 Advanced Micro Devices, Inc. All Rights Reserved.
Running: F:/Vivado/Vivado/2024.1/bin/unwrapped/win64.o/xelab.exe --incr --debug typical --relax --mt 2 -L xil_defaultlib -L unisims_ver -L unimacro_ver -L secureip --snapshot AutomaticWashingMachineTB_behav xil_defaultlib.AutomaticWashingMachineTB xil_defaultlib.glbl -log elaborate.log 
Using 2 slave threads.
Starting static elaboration
Pass Through NonSizing Optimizer
Completed static elaboration
Starting simulation data flow analysis
Completed simulation data flow analysis
Time Resolution for simulation is 1ps
Compiling module xil_defaultlib.ControlUnit
Compiling module xil_defaultlib.TemperatureControl
Compiling module xil_defaultlib.WaterControl
Compiling module xil_defaultlib.LoadSensing
Compiling module xil_defaultlib.CycleCustomization
Compiling module xil_defaultlib.SmartSensing
Compiling module xil_defaultlib.ChildLock
Compiling module xil_defaultlib.AutoClean
Compiling module xil_defaultlib.EnergyMonitor
Compiling module xil_defaultlib.AutomaticWashingMachine
Compiling module xil_defaultlib.AutomaticWashingMachineTB
Compiling module xil_defaultlib.glbl
Built simulation snapshot AutomaticWashingMachineTB_behav
INFO: [USF-XSim-69] 'elaborate' step finished in '4' seconds
INFO: [USF-XSim-4] XSim::Simulate design
INFO: [USF-XSim-61] Executing 'SIMULATE' step in 'C:/Users/niros/Desktop/nemal/Washing_Pro/Washing_Pro.sim/sim_1/behav/xsim'
INFO: [USF-XSim-98] *** Running xsim
   with args "AutomaticWashingMachineTB_behav -key {Behavioral:sim_1:Functional:AutomaticWashingMachineTB} -tclbatch {AutomaticWashingMachineTB.tcl} -log {simulate.log}"
INFO: [USF-XSim-8] Loading simulator feature
Time resolution is 1 ps
source AutomaticWashingMachineTB.tcl
# set curr_wave [current_wave_config]
# if { [string length $curr_wave] == 0 } {
#   if { [llength [get_objects]] > 0} {
#     add_wave /
#     set_property needs_save false [current_wave_config]
#   } else {
#      send_msg_id Add_Wave-1 WARNING "No top level signals found. Simulator will start without a wave window. If you want to open a wave window go to 'File->New Waveform Configuration' or type 'create_wave_config' in the TCL console."
#   }
# }
# run 1000ns
///// Starting the washing machine simulation...
==== Initializing washing cycle at time                10000
Load Sensing: Detecting load weight...
##### Smart Sensing: Detergent and load balance OK at time                25000
##### Smart Sensing: Detergent and load balance OK at time                35000
##### Smart Sensing: Detergent and load balance OK at time                45000
##### Smart Sensing: Detergent and load balance OK at time                55000
Water Control: Filling water to the required level...
##### Smart Sensing: Detergent and load balance OK at time                65000
##### Load Sensing: Load ready at time                75000
##### Smart Sensing: Detergent and load balance OK at time                75000
##### Load Sensing: Load ready at time                85000
##### Water Control: Water level ready at time                85000
##### Smart Sensing: Detergent and load balance OK at time                85000
Water Control: Water level is ready at time                90000
##### Load Sensing: Load ready at time                95000
##### Water Control: Water level ready at time                95000
##### Smart Sensing: Detergent and load balance OK at time                95000
Temperature Control: Heating water to the desired temperature...
##### Load Sensing: Load ready at time               105000
##### Water Control: Water level ready at time               105000
##### Temperature Control: Temperature reached at time               105000
##### Smart Sensing: Detergent and load balance OK at time               105000
///// WASH phase active at time               115000
##### Load Sensing: Load ready at time               115000
##### Water Control: Water level ready at time               115000
##### Temperature Control: Temperature reached at time               115000
##### Smart Sensing: Detergent and load balance OK at time               115000
///// RINSE phase active at time               125000
##### Load Sensing: Load ready at time               125000
##### Water Control: Water level ready at time               125000
##### Temperature Control: Temperature reached at time               125000
##### Smart Sensing: Detergent and load balance OK at time               125000
///// SPIN phase active at time               135000
##### Load Sensing: Load ready at time               135000
##### Water Control: Water level ready at time               135000
##### Temperature Control: Temperature reached at time               135000
##### Smart Sensing: Detergent and load balance OK at time               135000
Temperature Control: Water temperature is ready at time               140000
##### Load Sensing: Load ready at time               145000
##### Water Control: Water level ready at time               145000
##### Temperature Control: Temperature reached at time               145000
##### Smart Sensing: Detergent and load balance OK at time               145000
///// Washing cycle completed at time               145000
Smart Sensing: Checking detergent and load balance...
##### Load Sensing: Load ready at time               155000
##### Water Control: Water level ready at time               155000
##### Temperature Control: Temperature reached at time               155000
##### Smart Sensing: Detergent and load balance OK at time               155000
///// WASH phase active at time               165000
##### Load Sensing: Load ready at time               165000
##### Water Control: Water level ready at time               165000
##### Temperature Control: Temperature reached at time               165000
##### Smart Sensing: Detergent and load balance OK at time               165000
Smart Sensing: Detergent and load balance are OK at time               170000
///// RINSE phase active at time               175000
##### Load Sensing: Load ready at time               175000
##### Water Control: Water level ready at time               175000
##### Temperature Control: Temperature reached at time               175000
##### Smart Sensing: Detergent and load balance OK at time               175000
==== Wash Cycle: Starting wash cycle in Quick mode...
///// SPIN phase active at time               185000
##### Load Sensing: Load ready at time               185000
##### Water Control: Water level ready at time               185000
##### Temperature Control: Temperature reached at time               185000
##### Smart Sensing: Detergent and load balance OK at time               185000
##### Load Sensing: Load ready at time               195000
##### Water Control: Water level ready at time               195000
##### Temperature Control: Temperature reached at time               195000
##### Smart Sensing: Detergent and load balance OK at time               195000
///// Washing cycle completed at time               195000
##### Load Sensing: Load ready at time               205000
##### Water Control: Water level ready at time               205000
##### Temperature Control: Temperature reached at time               205000
##### Smart Sensing: Detergent and load balance OK at time               205000
///// WASH phase active at time               215000
##### Load Sensing: Load ready at time               215000
##### Water Control: Water level ready at time               215000
##### Temperature Control: Temperature reached at time               215000
##### Smart Sensing: Detergent and load balance OK at time               215000
///// RINSE phase active at time               225000
##### Load Sensing: Load ready at time               225000
##### Water Control: Water level ready at time               225000
##### Temperature Control: Temperature reached at time               225000
##### Smart Sensing: Detergent and load balance OK at time               225000
///// SPIN phase active at time               235000
##### Load Sensing: Load ready at time               235000
##### Water Control: Water level ready at time               235000
##### Temperature Control: Temperature reached at time               235000
##### Smart Sensing: Detergent and load balance OK at time               235000
Wash Cycle: Washing in progress...
##### Load Sensing: Load ready at time               245000
##### Water Control: Water level ready at time               245000
##### Temperature Control: Temperature reached at time               245000
##### Smart Sensing: Detergent and load balance OK at time               245000
///// Washing cycle completed at time               245000
==== Rinse Cycle: Starting rinse cycle...
##### Load Sensing: Load ready at time               255000
##### Water Control: Water level ready at time               255000
##### Temperature Control: Temperature reached at time               255000
##### Smart Sensing: Detergent and load balance OK at time               255000
///// WASH phase active at time               265000
##### Load Sensing: Load ready at time               265000
##### Water Control: Water level ready at time               265000
##### Temperature Control: Temperature reached at time               265000
##### Smart Sensing: Detergent and load balance OK at time               265000
///// RINSE phase active at time               275000
##### Load Sensing: Load ready at time               275000
##### Water Control: Water level ready at time               275000
##### Temperature Control: Temperature reached at time               275000
##### Smart Sensing: Detergent and load balance OK at time               275000
Rinse Cycle: Rinsing in progress...
///// SPIN phase active at time               285000
##### Load Sensing: Load ready at time               285000
##### Water Control: Water level ready at time               285000
##### Temperature Control: Temperature reached at time               285000
##### Smart Sensing: Detergent and load balance OK at time               285000
==== Spin Cycle: Starting spin cycle...
##### Load Sensing: Load ready at time               295000
##### Water Control: Water level ready at time               295000
##### Temperature Control: Temperature reached at time               295000
##### Smart Sensing: Detergent and load balance OK at time               295000
///// Washing cycle completed at time               295000
##### Load Sensing: Load ready at time               305000
##### Water Control: Water level ready at time               305000
##### Temperature Control: Temperature reached at time               305000
##### Smart Sensing: Detergent and load balance OK at time               305000
Spin Cycle: Spinning in progress...
///// WASH phase active at time               315000
##### Load Sensing: Load ready at time               315000
##### Water Control: Water level ready at time               315000
##### Temperature Control: Temperature reached at time               315000
##### Smart Sensing: Detergent and load balance OK at time               315000
==== Auto-Clean: Starting auto-cleaning...
///// RINSE phase active at time               325000
##### Load Sensing: Load ready at time               325000
##### Water Control: Water level ready at time               325000
##### Temperature Control: Temperature reached at time               325000
##### Smart Sensing: Detergent and load balance OK at time               325000
///// SPIN phase active at time               335000
##### Load Sensing: Load ready at time               335000
##### Water Control: Water level ready at time               335000
##### Temperature Control: Temperature reached at time               335000
##### Smart Sensing: Detergent and load balance OK at time               335000
##### Load Sensing: Load ready at time               345000
##### Water Control: Water level ready at time               345000
##### Temperature Control: Temperature reached at time               345000
##### Smart Sensing: Detergent and load balance OK at time               345000
///// Washing cycle completed at time               345000
##### Load Sensing: Load ready at time               355000
##### Water Control: Water level ready at time               355000
##### Temperature Control: Temperature reached at time               355000
##### Smart Sensing: Detergent and load balance OK at time               355000
///// WASH phase active at time               365000
##### Load Sensing: Load ready at time               365000
##### Water Control: Water level ready at time               365000
##### Temperature Control: Temperature reached at time               365000
##### Smart Sensing: Detergent and load balance OK at time               365000
///// RINSE phase active at time               375000
##### Load Sensing: Load ready at time               375000
##### Water Control: Water level ready at time               375000
##### Temperature Control: Temperature reached at time               375000
##### Smart Sensing: Detergent and load balance OK at time               375000
///// SPIN phase active at time               385000
##### Load Sensing: Load ready at time               385000
##### Water Control: Water level ready at time               385000
##### Temperature Control: Temperature reached at time               385000
##### Smart Sensing: Detergent and load balance OK at time               385000
==== Washing cycle completed at time               385000
==== Total energy consumed:  72 units
==== Ending simulation at time               395000
$finish called at time : 395 ns : File "C:/Users/niros/Desktop/nemal/Washing_Pro/Washing_Pro.srcs/sim_1/new/AutomaticWashingMachineTB.v" Line 85
xsim: Time (s): cpu = 00:00:01 ; elapsed = 00:00:06 . Memory (MB): peak = 1414.883 ; gain = 34.051
INFO: [USF-XSim-96] XSim completed. Design snapshot 'AutomaticWashingMachineTB_behav' loaded.
INFO: [USF-XSim-97] XSim simulation ran for 1000ns
launch_simulation: Time (s): cpu = 00:00:01 ; elapsed = 00:00:15 . Memory (MB): peak = 1414.883 ; gain = 34.051
WARNING: [filemgmt 56-199] Attempt to get parsing info during refresh. "On-the-fly" syntax checking information may be incorrect. [C:\Users\niros\Desktop\nemal\Washing_Pro\Washing_Pro.srcs\sources_1\new\CycleCustomization.v:]
WARNING: [filemgmt 56-199] Attempt to get parsing info during refresh. "On-the-fly" syntax checking information may be incorrect. [C:\Users\niros\Desktop\nemal\Washing_Pro\Washing_Pro.srcs\sim_1\new\AutomaticWashingMachineTB.v:]
WARNING: [filemgmt 56-199] Attempt to get parsing info during refresh. "On-the-fly" syntax checking information may be incorrect. [C:\Users\niros\Desktop\nemal\Washing_Pro\Washing_Pro.srcs\sources_1\new\TemperatureControl.v:]
WARNING: [filemgmt 56-199] Attempt to get parsing info during refresh. "On-the-fly" syntax checking information may be incorrect. [C:\Users\niros\Desktop\nemal\Washing_Pro\Washing_Pro.srcs\sources_1\new\WaterControl.v:]
WARNING: [filemgmt 56-199] Attempt to get parsing info during refresh. "On-the-fly" syntax checking information may be incorrect. [C:\Users\niros\Desktop\nemal\Washing_Pro\Washing_Pro.srcs\sources_1\new\ControlUnit.v:]
WARNING: [filemgmt 56-199] Attempt to get parsing info during refresh. "On-the-fly" syntax checking information may be incorrect. [C:\Users\niros\Desktop\nemal\Washing_Pro\Washing_Pro.srcs\sources_1\new\SmartSensing.v:]
WARNING: [filemgmt 56-199] Attempt to get parsing info during refresh. "On-the-fly" syntax checking information may be incorrect. [C:\Users\niros\Desktop\nemal\Washing_Pro\Washing_Pro.srcs\sources_1\new\AutoClean.v:]
WARNING: [filemgmt 56-199] Attempt to get parsing info during refresh. "On-the-fly" syntax checking information may be incorrect. [C:\Users\niros\Desktop\nemal\Washing_Pro\Washing_Pro.srcs\sources_1\new\EnergyMonitor.v:]
WARNING: [filemgmt 56-199] Attempt to get parsing info during refresh. "On-the-fly" syntax checking information may be incorrect. [C:\Users\niros\Desktop\nemal\Washing_Pro\Washing_Pro.srcs\sources_1\new\LoadSensing.v:]
WARNING: [filemgmt 56-199] Attempt to get parsing info during refresh. "On-the-fly" syntax checking information may be incorrect. [C:\Users\niros\Desktop\nemal\Washing_Pro\Washing_Pro.srcs\sources_1\new\ChildLock.v:]
WARNING: [filemgmt 56-199] Attempt to get parsing info during refresh. "On-the-fly" syntax checking information may be incorrect. [C:\Users\niros\Desktop\nemal\Washing_Pro\Washing_Pro.srcs\sources_1\new\AutomaticWashingMachine.v:]
WARNING: [filemgmt 56-199] Attempt to get parsing info during refresh. "On-the-fly" syntax checking information may be incorrect. [C:\Users\niros\Desktop\nemal\Washing_Pro\Washing_Pro.srcs\sources_1\new\TemperatureControl.v:]
WARNING: [filemgmt 56-199] Attempt to get parsing info during refresh. "On-the-fly" syntax checking information may be incorrect. [C:\Users\niros\Desktop\nemal\Washing_Pro\Washing_Pro.srcs\sources_1\new\TemperatureControl.v:]
WARNING: [filemgmt 56-199] Attempt to get parsing info during refresh. "On-the-fly" syntax checking information may be incorrect. [C:\Users\niros\Desktop\nemal\Washing_Pro\Washing_Pro.srcs\sources_1\new\CycleCustomization.v:]
WARNING: [filemgmt 56-199] Attempt to get parsing info during refresh. "On-the-fly" syntax checking information may be incorrect. [C:\Users\niros\Desktop\nemal\Washing_Pro\Washing_Pro.srcs\sim_1\new\AutomaticWashingMachineTB.v:]
WARNING: [filemgmt 56-199] Attempt to get parsing info during refresh. "On-the-fly" syntax checking information may be incorrect. [C:\Users\niros\Desktop\nemal\Washing_Pro\Washing_Pro.srcs\sources_1\new\TemperatureControl.v:]
WARNING: [filemgmt 56-199] Attempt to get parsing info during refresh. "On-the-fly" syntax checking information may be incorrect. [C:\Users\niros\Desktop\nemal\Washing_Pro\Washing_Pro.srcs\sources_1\new\WaterControl.v:]
WARNING: [filemgmt 56-199] Attempt to get parsing info during refresh. "On-the-fly" syntax checking information may be incorrect. [C:\Users\niros\Desktop\nemal\Washing_Pro\Washing_Pro.srcs\sources_1\new\ControlUnit.v:]
WARNING: [filemgmt 56-199] Attempt to get parsing info during refresh. "On-the-fly" syntax checking information may be incorrect. [C:\Users\niros\Desktop\nemal\Washing_Pro\Washing_Pro.srcs\sources_1\new\SmartSensing.v:]
WARNING: [filemgmt 56-199] Attempt to get parsing info during refresh. "On-the-fly" syntax checking information may be incorrect. [C:\Users\niros\Desktop\nemal\Washing_Pro\Washing_Pro.srcs\sources_1\new\AutoClean.v:]
WARNING: [filemgmt 56-199] Attempt to get parsing info during refresh. "On-the-fly" syntax checking information may be incorrect. [C:\Users\niros\Desktop\nemal\Washing_Pro\Washing_Pro.srcs\sources_1\new\EnergyMonitor.v:]
WARNING: [filemgmt 56-199] Attempt to get parsing info during refresh. "On-the-fly" syntax checking information may be incorrect. [C:\Users\niros\Desktop\nemal\Washing_Pro\Washing_Pro.srcs\sources_1\new\LoadSensing.v:]
WARNING: [filemgmt 56-199] Attempt to get parsing info during refresh. "On-the-fly" syntax checking information may be incorrect. [C:\Users\niros\Desktop\nemal\Washing_Pro\Washing_Pro.srcs\sources_1\new\ChildLock.v:]
WARNING: [filemgmt 56-199] Attempt to get parsing info during refresh. "On-the-fly" syntax checking information may be incorrect. [C:\Users\niros\Desktop\nemal\Washing_Pro\Washing_Pro.srcs\sources_1\new\AutomaticWashingMachine.v:]
WARNING: [filemgmt 56-199] Attempt to get parsing info during refresh. "On-the-fly" syntax checking information may be incorrect. [C:\Users\niros\Desktop\nemal\Washing_Pro\Washing_Pro.srcs\sources_1\new\WaterControl.v:]
WARNING: [filemgmt 56-199] Attempt to get parsing info during refresh. "On-the-fly" syntax checking information may be incorrect. [C:\Users\niros\Desktop\nemal\Washing_Pro\Washing_Pro.srcs\sources_1\new\WaterControl.v:]
WARNING: [filemgmt 56-199] Attempt to get parsing info during refresh. "On-the-fly" syntax checking information may be incorrect. [C:\Users\niros\Desktop\nemal\Washing_Pro\Washing_Pro.srcs\sources_1\new\CycleCustomization.v:]
WARNING: [filemgmt 56-199] Attempt to get parsing info during refresh. "On-the-fly" syntax checking information may be incorrect. [C:\Users\niros\Desktop\nemal\Washing_Pro\Washing_Pro.srcs\sim_1\new\AutomaticWashingMachineTB.v:]
WARNING: [filemgmt 56-199] Attempt to get parsing info during refresh. "On-the-fly" syntax checking information may be incorrect. [C:\Users\niros\Desktop\nemal\Washing_Pro\Washing_Pro.srcs\sources_1\new\TemperatureControl.v:]
WARNING: [filemgmt 56-199] Attempt to get parsing info during refresh. "On-the-fly" syntax checking information may be incorrect. [C:\Users\niros\Desktop\nemal\Washing_Pro\Washing_Pro.srcs\sources_1\new\WaterControl.v:]
WARNING: [filemgmt 56-199] Attempt to get parsing info during refresh. "On-the-fly" syntax checking information may be incorrect. [C:\Users\niros\Desktop\nemal\Washing_Pro\Washing_Pro.srcs\sources_1\new\ControlUnit.v:]
WARNING: [filemgmt 56-199] Attempt to get parsing info during refresh. "On-the-fly" syntax checking information may be incorrect. [C:\Users\niros\Desktop\nemal\Washing_Pro\Washing_Pro.srcs\sources_1\new\SmartSensing.v:]
WARNING: [filemgmt 56-199] Attempt to get parsing info during refresh. "On-the-fly" syntax checking information may be incorrect. [C:\Users\niros\Desktop\nemal\Washing_Pro\Washing_Pro.srcs\sources_1\new\AutoClean.v:]
WARNING: [filemgmt 56-199] Attempt to get parsing info during refresh. "On-the-fly" syntax checking information may be incorrect. [C:\Users\niros\Desktop\nemal\Washing_Pro\Washing_Pro.srcs\sources_1\new\EnergyMonitor.v:]
WARNING: [filemgmt 56-199] Attempt to get parsing info during refresh. "On-the-fly" syntax checking information may be incorrect. [C:\Users\niros\Desktop\nemal\Washing_Pro\Washing_Pro.srcs\sources_1\new\LoadSensing.v:]
WARNING: [filemgmt 56-199] Attempt to get parsing info during refresh. "On-the-fly" syntax checking information may be incorrect. [C:\Users\niros\Desktop\nemal\Washing_Pro\Washing_Pro.srcs\sources_1\new\ChildLock.v:]
WARNING: [filemgmt 56-199] Attempt to get parsing info during refresh. "On-the-fly" syntax checking information may be incorrect. [C:\Users\niros\Desktop\nemal\Washing_Pro\Washing_Pro.srcs\sources_1\new\AutomaticWashingMachine.v:]
WARNING: [filemgmt 56-199] Attempt to get parsing info during refresh. "On-the-fly" syntax checking information may be incorrect. [C:\Users\niros\Desktop\nemal\Washing_Pro\Washing_Pro.srcs\sources_1\new\LoadSensing.v:]
WARNING: [filemgmt 56-199] Attempt to get parsing info during refresh. "On-the-fly" syntax checking information may be incorrect. [C:\Users\niros\Desktop\nemal\Washing_Pro\Washing_Pro.srcs\sources_1\new\LoadSensing.v:]
WARNING: [filemgmt 56-199] Attempt to get parsing info during refresh. "On-the-fly" syntax checking information may be incorrect. [C:\Users\niros\Desktop\nemal\Washing_Pro\Washing_Pro.srcs\sources_1\new\CycleCustomization.v:]
WARNING: [filemgmt 56-199] Attempt to get parsing info during refresh. "On-the-fly" syntax checking information may be incorrect. [C:\Users\niros\Desktop\nemal\Washing_Pro\Washing_Pro.srcs\sim_1\new\AutomaticWashingMachineTB.v:]
WARNING: [filemgmt 56-199] Attempt to get parsing info during refresh. "On-the-fly" syntax checking information may be incorrect. [C:\Users\niros\Desktop\nemal\Washing_Pro\Washing_Pro.srcs\sources_1\new\TemperatureControl.v:]
WARNING: [filemgmt 56-199] Attempt to get parsing info during refresh. "On-the-fly" syntax checking information may be incorrect. [C:\Users\niros\Desktop\nemal\Washing_Pro\Washing_Pro.srcs\sources_1\new\WaterControl.v:]
WARNING: [filemgmt 56-199] Attempt to get parsing info during refresh. "On-the-fly" syntax checking information may be incorrect. [C:\Users\niros\Desktop\nemal\Washing_Pro\Washing_Pro.srcs\sources_1\new\ControlUnit.v:]
WARNING: [filemgmt 56-199] Attempt to get parsing info during refresh. "On-the-fly" syntax checking information may be incorrect. [C:\Users\niros\Desktop\nemal\Washing_Pro\Washing_Pro.srcs\sources_1\new\SmartSensing.v:]
WARNING: [filemgmt 56-199] Attempt to get parsing info during refresh. "On-the-fly" syntax checking information may be incorrect. [C:\Users\niros\Desktop\nemal\Washing_Pro\Washing_Pro.srcs\sources_1\new\AutoClean.v:]
WARNING: [filemgmt 56-199] Attempt to get parsing info during refresh. "On-the-fly" syntax checking information may be incorrect. [C:\Users\niros\Desktop\nemal\Washing_Pro\Washing_Pro.srcs\sources_1\new\EnergyMonitor.v:]
WARNING: [filemgmt 56-199] Attempt to get parsing info during refresh. "On-the-fly" syntax checking information may be incorrect. [C:\Users\niros\Desktop\nemal\Washing_Pro\Washing_Pro.srcs\sources_1\new\LoadSensing.v:]
WARNING: [filemgmt 56-199] Attempt to get parsing info during refresh. "On-the-fly" syntax checking information may be incorrect. [C:\Users\niros\Desktop\nemal\Washing_Pro\Washing_Pro.srcs\sources_1\new\ChildLock.v:]
WARNING: [filemgmt 56-199] Attempt to get parsing info during refresh. "On-the-fly" syntax checking information may be incorrect. [C:\Users\niros\Desktop\nemal\Washing_Pro\Washing_Pro.srcs\sources_1\new\AutomaticWashingMachine.v:]
WARNING: [filemgmt 56-199] Attempt to get parsing info during refresh. "On-the-fly" syntax checking information may be incorrect. [C:\Users\niros\Desktop\nemal\Washing_Pro\Washing_Pro.srcs\sim_1\new\AutomaticWashingMachineTB.v:]
WARNING: [filemgmt 56-199] Attempt to get parsing info during refresh. "On-the-fly" syntax checking information may be incorrect. [C:\Users\niros\Desktop\nemal\Washing_Pro\Washing_Pro.srcs\sim_1\new\AutomaticWashingMachineTB.v:]
WARNING: [filemgmt 56-199] Attempt to get parsing info during refresh. "On-the-fly" syntax checking information may be incorrect. [C:\Users\niros\Desktop\nemal\Washing_Pro\Washing_Pro.srcs\sources_1\new\CycleCustomization.v:]
WARNING: [filemgmt 56-199] Attempt to get parsing info during refresh. "On-the-fly" syntax checking information may be incorrect. [C:\Users\niros\Desktop\nemal\Washing_Pro\Washing_Pro.srcs\sim_1\new\AutomaticWashingMachineTB.v:]
WARNING: [filemgmt 56-199] Attempt to get parsing info during refresh. "On-the-fly" syntax checking information may be incorrect. [C:\Users\niros\Desktop\nemal\Washing_Pro\Washing_Pro.srcs\sources_1\new\TemperatureControl.v:]
WARNING: [filemgmt 56-199] Attempt to get parsing info during refresh. "On-the-fly" syntax checking information may be incorrect. [C:\Users\niros\Desktop\nemal\Washing_Pro\Washing_Pro.srcs\sources_1\new\WaterControl.v:]
WARNING: [filemgmt 56-199] Attempt to get parsing info during refresh. "On-the-fly" syntax checking information may be incorrect. [C:\Users\niros\Desktop\nemal\Washing_Pro\Washing_Pro.srcs\sources_1\new\ControlUnit.v:]
WARNING: [filemgmt 56-199] Attempt to get parsing info during refresh. "On-the-fly" syntax checking information may be incorrect. [C:\Users\niros\Desktop\nemal\Washing_Pro\Washing_Pro.srcs\sources_1\new\SmartSensing.v:]
WARNING: [filemgmt 56-199] Attempt to get parsing info during refresh. "On-the-fly" syntax checking information may be incorrect. [C:\Users\niros\Desktop\nemal\Washing_Pro\Washing_Pro.srcs\sources_1\new\AutoClean.v:]
WARNING: [filemgmt 56-199] Attempt to get parsing info during refresh. "On-the-fly" syntax checking information may be incorrect. [C:\Users\niros\Desktop\nemal\Washing_Pro\Washing_Pro.srcs\sources_1\new\EnergyMonitor.v:]
WARNING: [filemgmt 56-199] Attempt to get parsing info during refresh. "On-the-fly" syntax checking information may be incorrect. [C:\Users\niros\Desktop\nemal\Washing_Pro\Washing_Pro.srcs\sources_1\new\LoadSensing.v:]
WARNING: [filemgmt 56-199] Attempt to get parsing info during refresh. "On-the-fly" syntax checking information may be incorrect. [C:\Users\niros\Desktop\nemal\Washing_Pro\Washing_Pro.srcs\sources_1\new\ChildLock.v:]
WARNING: [filemgmt 56-199] Attempt to get parsing info during refresh. "On-the-fly" syntax checking information may be incorrect. [C:\Users\niros\Desktop\nemal\Washing_Pro\Washing_Pro.srcs\sources_1\new\AutomaticWashingMachine.v:]
WARNING: [filemgmt 56-199] Attempt to get parsing info during refresh. "On-the-fly" syntax checking information may be incorrect. [C:\Users\niros\Desktop\nemal\Washing_Pro\Washing_Pro.srcs\sources_1\new\AutoClean.v:]
WARNING: [filemgmt 56-199] Attempt to get parsing info during refresh. "On-the-fly" syntax checking information may be incorrect. [C:\Users\niros\Desktop\nemal\Washing_Pro\Washing_Pro.srcs\sources_1\new\AutoClean.v:]
close_sim
WARNING: [filemgmt 56-199] Attempt to get parsing info during refresh. "On-the-fly" syntax checking information may be incorrect. [C:\Users\niros\Desktop\nemal\Washing_Pro\Washing_Pro.srcs\sources_1\new\CycleCustomization.v:]
WARNING: [filemgmt 56-199] Attempt to get parsing info during refresh. "On-the-fly" syntax checking information may be incorrect. [C:\Users\niros\Desktop\nemal\Washing_Pro\Washing_Pro.srcs\sim_1\new\AutomaticWashingMachineTB.v:]
WARNING: [filemgmt 56-199] Attempt to get parsing info during refresh. "On-the-fly" syntax checking information may be incorrect. [C:\Users\niros\Desktop\nemal\Washing_Pro\Washing_Pro.srcs\sources_1\new\TemperatureControl.v:]
WARNING: [filemgmt 56-199] Attempt to get parsing info during refresh. "On-the-fly" syntax checking information may be incorrect. [C:\Users\niros\Desktop\nemal\Washing_Pro\Washing_Pro.srcs\sources_1\new\WaterControl.v:]
WARNING: [filemgmt 56-199] Attempt to get parsing info during refresh. "On-the-fly" syntax checking information may be incorrect. [C:\Users\niros\Desktop\nemal\Washing_Pro\Washing_Pro.srcs\sources_1\new\ControlUnit.v:]
WARNING: [filemgmt 56-199] Attempt to get parsing info during refresh. "On-the-fly" syntax checking information may be incorrect. [C:\Users\niros\Desktop\nemal\Washing_Pro\Washing_Pro.srcs\sources_1\new\SmartSensing.v:]
WARNING: [filemgmt 56-199] Attempt to get parsing info during refresh. "On-the-fly" syntax checking information may be incorrect. [C:\Users\niros\Desktop\nemal\Washing_Pro\Washing_Pro.srcs\sources_1\new\AutoClean.v:]
WARNING: [filemgmt 56-199] Attempt to get parsing info during refresh. "On-the-fly" syntax checking information may be incorrect. [C:\Users\niros\Desktop\nemal\Washing_Pro\Washing_Pro.srcs\sources_1\new\EnergyMonitor.v:]
WARNING: [filemgmt 56-199] Attempt to get parsing info during refresh. "On-the-fly" syntax checking information may be incorrect. [C:\Users\niros\Desktop\nemal\Washing_Pro\Washing_Pro.srcs\sources_1\new\LoadSensing.v:]
WARNING: [filemgmt 56-199] Attempt to get parsing info during refresh. "On-the-fly" syntax checking information may be incorrect. [C:\Users\niros\Desktop\nemal\Washing_Pro\Washing_Pro.srcs\sources_1\new\ChildLock.v:]
WARNING: [filemgmt 56-199] Attempt to get parsing info during refresh. "On-the-fly" syntax checking information may be incorrect. [C:\Users\niros\Desktop\nemal\Washing_Pro\Washing_Pro.srcs\sources_1\new\AutomaticWashingMachine.v:]
WARNING: [filemgmt 56-199] Attempt to get parsing info during refresh. "On-the-fly" syntax checking information may be incorrect. [C:\Users\niros\Desktop\nemal\Washing_Pro\Washing_Pro.srcs\sources_1\new\SmartSensing.v:]
WARNING: [filemgmt 56-199] Attempt to get parsing info during refresh. "On-the-fly" syntax checking information may be incorrect. [C:\Users\niros\Desktop\nemal\Washing_Pro\Washing_Pro.srcs\sources_1\new\SmartSensing.v:]
WARNING: [filemgmt 56-199] Attempt to get parsing info during refresh. "On-the-fly" syntax checking information may be incorrect. [C:\Users\niros\Desktop\nemal\Washing_Pro\Washing_Pro.srcs\sources_1\new\CycleCustomization.v:]
WARNING: [filemgmt 56-199] Attempt to get parsing info during refresh. "On-the-fly" syntax checking information may be incorrect. [C:\Users\niros\Desktop\nemal\Washing_Pro\Washing_Pro.srcs\sim_1\new\AutomaticWashingMachineTB.v:]
WARNING: [filemgmt 56-199] Attempt to get parsing info during refresh. "On-the-fly" syntax checking information may be incorrect. [C:\Users\niros\Desktop\nemal\Washing_Pro\Washing_Pro.srcs\sources_1\new\TemperatureControl.v:]
WARNING: [filemgmt 56-199] Attempt to get parsing info during refresh. "On-the-fly" syntax checking information may be incorrect. [C:\Users\niros\Desktop\nemal\Washing_Pro\Washing_Pro.srcs\sources_1\new\WaterControl.v:]
WARNING: [filemgmt 56-199] Attempt to get parsing info during refresh. "On-the-fly" syntax checking information may be incorrect. [C:\Users\niros\Desktop\nemal\Washing_Pro\Washing_Pro.srcs\sources_1\new\ControlUnit.v:]
WARNING: [filemgmt 56-199] Attempt to get parsing info during refresh. "On-the-fly" syntax checking information may be incorrect. [C:\Users\niros\Desktop\nemal\Washing_Pro\Washing_Pro.srcs\sources_1\new\SmartSensing.v:]
WARNING: [filemgmt 56-199] Attempt to get parsing info during refresh. "On-the-fly" syntax checking information may be incorrect. [C:\Users\niros\Desktop\nemal\Washing_Pro\Washing_Pro.srcs\sources_1\new\AutoClean.v:]
WARNING: [filemgmt 56-199] Attempt to get parsing info during refresh. "On-the-fly" syntax checking information may be incorrect. [C:\Users\niros\Desktop\nemal\Washing_Pro\Washing_Pro.srcs\sources_1\new\EnergyMonitor.v:]
WARNING: [filemgmt 56-199] Attempt to get parsing info during refresh. "On-the-fly" syntax checking information may be incorrect. [C:\Users\niros\Desktop\nemal\Washing_Pro\Washing_Pro.srcs\sources_1\new\LoadSensing.v:]
WARNING: [filemgmt 56-199] Attempt to get parsing info during refresh. "On-the-fly" syntax checking information may be incorrect. [C:\Users\niros\Desktop\nemal\Washing_Pro\Washing_Pro.srcs\sources_1\new\ChildLock.v:]
WARNING: [filemgmt 56-199] Attempt to get parsing info during refresh. "On-the-fly" syntax checking information may be incorrect. [C:\Users\niros\Desktop\nemal\Washing_Pro\Washing_Pro.srcs\sources_1\new\AutomaticWashingMachine.v:]
WARNING: [filemgmt 56-199] Attempt to get parsing info during refresh. "On-the-fly" syntax checking information may be incorrect. [C:\Users\niros\Desktop\nemal\Washing_Pro\Washing_Pro.srcs\sources_1\new\CycleCustomization.v:]
WARNING: [filemgmt 56-199] Attempt to get parsing info during refresh. "On-the-fly" syntax checking information may be incorrect. [C:\Users\niros\Desktop\nemal\Washing_Pro\Washing_Pro.srcs\sources_1\new\CycleCustomization.v:]
ERROR: [Common 17-180] Spawn failed: No error
INFO: [Simtcl 6-16] Simulation closed
ERROR: [Common 17-39] 'close_sim' failed due to earlier errors.
exit
INFO: [Common 17-206] Exiting Vivado at Fri Nov  8 20:21:29 2024...
